<?xml version="1.0" encoding="UTF-8"?>
<testsuite xmlns:xsi="http://www.w3.org/2001/XMLSchema-instance" xsi:noNamespaceSchemaLocation="https://maven.apache.org/surefire/maven-surefire-plugin/xsd/surefire-test-report.xsd" version="3.0.2" name="TestSuite" time="93.648" tests="36" errors="0" skipped="0" failures="0">
  <properties>
    <property name="java.specification.version" value="21"/>
    <property name="sun.cpu.isalist" value="amd64"/>
    <property name="sun.jnu.encoding" value="Cp1252"/>
    <property name="java.class.path" value="C:\Users\hp\eclipse-workspace\PetStoreAutomation\target\test-classes;C:\Users\hp\eclipse-workspace\PetStoreAutomation\target\classes;C:\Users\hp\.m2\repository\io\rest-assured\rest-assured\5.5.5\rest-assured-5.5.5.jar;C:\Users\hp\.m2\repository\org\apache\groovy\groovy\4.0.22\groovy-4.0.22.jar;C:\Users\hp\.m2\repository\org\apache\groovy\groovy-xml\4.0.22\groovy-xml-4.0.22.jar;C:\Users\hp\.m2\repository\org\apache\httpcomponents\httpclient\4.5.13\httpclient-4.5.13.jar;C:\Users\hp\.m2\repository\org\apache\httpcomponents\httpcore\4.4.13\httpcore-4.4.13.jar;C:\Users\hp\.m2\repository\commons-logging\commons-logging\1.2\commons-logging-1.2.jar;C:\Users\hp\.m2\repository\org\apache\httpcomponents\httpmime\4.5.13\httpmime-4.5.13.jar;C:\Users\hp\.m2\repository\org\hamcrest\hamcrest\2.2\hamcrest-2.2.jar;C:\Users\hp\.m2\repository\org\ccil\cowan\tagsoup\tagsoup\1.2.1\tagsoup-1.2.1.jar;C:\Users\hp\.m2\repository\io\rest-assured\xml-path\5.5.5\xml-path-5.5.5.jar;C:\Users\hp\.m2\repository\io\rest-assured\json-path\5.5.5\json-path-5.5.5.jar;C:\Users\hp\.m2\repository\org\apache\groovy\groovy-json\4.0.22\groovy-json-4.0.22.jar;C:\Users\hp\.m2\repository\io\rest-assured\rest-assured-common\5.5.5\rest-assured-common-5.5.5.jar;C:\Users\hp\.m2\repository\org\json\json\20250517\json-20250517.jar;C:\Users\hp\.m2\repository\org\testng\testng\7.11.0\testng-7.11.0.jar;C:\Users\hp\.m2\repository\org\slf4j\slf4j-api\2.0.16\slf4j-api-2.0.16.jar;C:\Users\hp\.m2\repository\org\jcommander\jcommander\1.83\jcommander-1.83.jar;C:\Users\hp\.m2\repository\org\webjars\jquery\3.7.1\jquery-3.7.1.jar;C:\Users\hp\.m2\repository\com\github\scribejava\scribejava-apis\8.3.3\scribejava-apis-8.3.3.jar;C:\Users\hp\.m2\repository\com\github\scribejava\scribejava-core\8.3.3\scribejava-core-8.3.3.jar;C:\Users\hp\.m2\repository\com\github\scribejava\scribejava-java8\8.3.3\scribejava-java8-8.3.3.jar;C:\Users\hp\.m2\repository\com\fasterxml\jackson\core\jackson-databind\2.14.0\jackson-databind-2.14.0.jar;C:\Users\hp\.m2\repository\com\fasterxml\jackson\core\jackson-annotations\2.14.0\jackson-annotations-2.14.0.jar;C:\Users\hp\.m2\repository\com\fasterxml\jackson\core\jackson-core\2.14.0\jackson-core-2.14.0.jar;C:\Users\hp\.m2\repository\io\rest-assured\json-schema-validator\5.5.5\json-schema-validator-5.5.5.jar;C:\Users\hp\.m2\repository\com\github\java-json-tools\json-schema-validator\2.2.14\json-schema-validator-2.2.14.jar;C:\Users\hp\.m2\repository\com\github\java-json-tools\jackson-coreutils-equivalence\1.0\jackson-coreutils-equivalence-1.0.jar;C:\Users\hp\.m2\repository\com\github\java-json-tools\jackson-coreutils\2.0\jackson-coreutils-2.0.jar;C:\Users\hp\.m2\repository\com\github\java-json-tools\msg-simple\1.2\msg-simple-1.2.jar;C:\Users\hp\.m2\repository\com\github\java-json-tools\btf\1.3\btf-1.3.jar;C:\Users\hp\.m2\repository\com\github\java-json-tools\json-schema-core\1.2.14\json-schema-core-1.2.14.jar;C:\Users\hp\.m2\repository\com\github\java-json-tools\uri-template\0.10\uri-template-0.10.jar;C:\Users\hp\.m2\repository\org\mozilla\rhino\1.7.7.2\rhino-1.7.7.2.jar;C:\Users\hp\.m2\repository\com\sun\mail\mailapi\1.6.2\mailapi-1.6.2.jar;C:\Users\hp\.m2\repository\joda-time\joda-time\2.10.5\joda-time-2.10.5.jar;C:\Users\hp\.m2\repository\com\googlecode\libphonenumber\libphonenumber\8.11.1\libphonenumber-8.11.1.jar;C:\Users\hp\.m2\repository\com\google\code\findbugs\jsr305\3.0.2\jsr305-3.0.2.jar;C:\Users\hp\.m2\repository\net\sf\jopt-simple\jopt-simple\5.0.4\jopt-simple-5.0.4.jar;C:\Users\hp\.m2\repository\com\google\guava\guava\33.2.1-jre\guava-33.2.1-jre.jar;C:\Users\hp\.m2\repository\com\google\guava\failureaccess\1.0.2\failureaccess-1.0.2.jar;C:\Users\hp\.m2\repository\com\google\guava\listenablefuture\9999.0-empty-to-avoid-conflict-with-guava\listenablefuture-9999.0-empty-to-avoid-conflict-with-guava.jar;C:\Users\hp\.m2\repository\org\checkerframework\checker-qual\3.42.0\checker-qual-3.42.0.jar;C:\Users\hp\.m2\repository\com\google\errorprone\error_prone_annotations\2.26.1\error_prone_annotations-2.26.1.jar;C:\Users\hp\.m2\repository\com\google\j2objc\j2objc-annotations\3.0.0\j2objc-annotations-3.0.0.jar;C:\Users\hp\.m2\repository\com\github\javafaker\javafaker\1.0.2\javafaker-1.0.2.jar;C:\Users\hp\.m2\repository\org\apache\commons\commons-lang3\3.5\commons-lang3-3.5.jar;C:\Users\hp\.m2\repository\org\yaml\snakeyaml\1.23\snakeyaml-1.23-android.jar;C:\Users\hp\.m2\repository\com\github\mifmif\generex\1.0.2\generex-1.0.2.jar;C:\Users\hp\.m2\repository\dk\brics\automaton\automaton\1.11-8\automaton-1.11-8.jar;C:\Users\hp\.m2\repository\com\aventstack\extentreports\5.1.2\extentreports-5.1.2.jar;C:\Users\hp\.m2\repository\io\reactivex\rxjava3\rxjava\3.1.6\rxjava-3.1.6.jar;C:\Users\hp\.m2\repository\org\reactivestreams\reactive-streams\1.0.4\reactive-streams-1.0.4.jar;C:\Users\hp\.m2\repository\org\freemarker\freemarker\2.3.32\freemarker-2.3.32.jar;C:\Users\hp\.m2\repository\org\projectlombok\lombok\1.18.26\lombok-1.18.26.jar;C:\Users\hp\.m2\repository\com\google\code\gson\gson\2.10.1\gson-2.10.1.jar;C:\Users\hp\.m2\repository\org\apache\poi\poi\5.4.1\poi-5.4.1.jar;C:\Users\hp\.m2\repository\commons-codec\commons-codec\1.18.0\commons-codec-1.18.0.jar;C:\Users\hp\.m2\repository\org\apache\commons\commons-collections4\4.4\commons-collections4-4.4.jar;C:\Users\hp\.m2\repository\org\apache\commons\commons-math3\3.6.1\commons-math3-3.6.1.jar;C:\Users\hp\.m2\repository\commons-io\commons-io\2.18.0\commons-io-2.18.0.jar;C:\Users\hp\.m2\repository\com\zaxxer\SparseBitSet\1.3\SparseBitSet-1.3.jar;C:\Users\hp\.m2\repository\org\apache\poi\poi-ooxml\5.4.1\poi-ooxml-5.4.1.jar;C:\Users\hp\.m2\repository\org\apache\poi\poi-ooxml-lite\5.4.1\poi-ooxml-lite-5.4.1.jar;C:\Users\hp\.m2\repository\org\apache\xmlbeans\xmlbeans\5.3.0\xmlbeans-5.3.0.jar;C:\Users\hp\.m2\repository\org\apache\commons\commons-compress\1.27.1\commons-compress-1.27.1.jar;C:\Users\hp\.m2\repository\com\github\virtuald\curvesapi\1.08\curvesapi-1.08.jar;C:\Users\hp\.m2\repository\org\apache\logging\log4j\log4j-api\2.17.2\log4j-api-2.17.2.jar;C:\Users\hp\.m2\repository\org\apache\logging\log4j\log4j-core\2.17.2\log4j-core-2.17.2.jar;"/>
    <property name="java.vm.vendor" value="Oracle Corporation"/>
    <property name="sun.arch.data.model" value="64"/>
    <property name="user.variant" value=""/>
    <property name="java.vendor.url" value="https://java.oracle.com/"/>
    <property name="user.timezone" value="Asia/Calcutta"/>
    <property name="os.name" value="Windows 10"/>
    <property name="java.vm.specification.version" value="21"/>
    <property name="sun.java.launcher" value="SUN_STANDARD"/>
    <property name="user.country" value="IN"/>
    <property name="sun.boot.library.path" value="C:\Program Files\Java\jdk-21\bin"/>
    <property name="sun.java.command" value="C:\Users\hp\AppData\Local\Temp\surefire12099613410482618086\surefirebooter-20250719181305020_3.jar C:\Users\hp\AppData\Local\Temp\surefire12099613410482618086 2025-07-19T18-13-04_715-jvmRun1 surefire-20250719181305020_1tmp surefire_0-20250719181305020_2tmp"/>
    <property name="jdk.debug" value="release"/>
    <property name="surefire.test.class.path" value="C:\Users\hp\eclipse-workspace\PetStoreAutomation\target\test-classes;C:\Users\hp\eclipse-workspace\PetStoreAutomation\target\classes;C:\Users\hp\.m2\repository\io\rest-assured\rest-assured\5.5.5\rest-assured-5.5.5.jar;C:\Users\hp\.m2\repository\org\apache\groovy\groovy\4.0.22\groovy-4.0.22.jar;C:\Users\hp\.m2\repository\org\apache\groovy\groovy-xml\4.0.22\groovy-xml-4.0.22.jar;C:\Users\hp\.m2\repository\org\apache\httpcomponents\httpclient\4.5.13\httpclient-4.5.13.jar;C:\Users\hp\.m2\repository\org\apache\httpcomponents\httpcore\4.4.13\httpcore-4.4.13.jar;C:\Users\hp\.m2\repository\commons-logging\commons-logging\1.2\commons-logging-1.2.jar;C:\Users\hp\.m2\repository\org\apache\httpcomponents\httpmime\4.5.13\httpmime-4.5.13.jar;C:\Users\hp\.m2\repository\org\hamcrest\hamcrest\2.2\hamcrest-2.2.jar;C:\Users\hp\.m2\repository\org\ccil\cowan\tagsoup\tagsoup\1.2.1\tagsoup-1.2.1.jar;C:\Users\hp\.m2\repository\io\rest-assured\xml-path\5.5.5\xml-path-5.5.5.jar;C:\Users\hp\.m2\repository\io\rest-assured\json-path\5.5.5\json-path-5.5.5.jar;C:\Users\hp\.m2\repository\org\apache\groovy\groovy-json\4.0.22\groovy-json-4.0.22.jar;C:\Users\hp\.m2\repository\io\rest-assured\rest-assured-common\5.5.5\rest-assured-common-5.5.5.jar;C:\Users\hp\.m2\repository\org\json\json\20250517\json-20250517.jar;C:\Users\hp\.m2\repository\org\testng\testng\7.11.0\testng-7.11.0.jar;C:\Users\hp\.m2\repository\org\slf4j\slf4j-api\2.0.16\slf4j-api-2.0.16.jar;C:\Users\hp\.m2\repository\org\jcommander\jcommander\1.83\jcommander-1.83.jar;C:\Users\hp\.m2\repository\org\webjars\jquery\3.7.1\jquery-3.7.1.jar;C:\Users\hp\.m2\repository\com\github\scribejava\scribejava-apis\8.3.3\scribejava-apis-8.3.3.jar;C:\Users\hp\.m2\repository\com\github\scribejava\scribejava-core\8.3.3\scribejava-core-8.3.3.jar;C:\Users\hp\.m2\repository\com\github\scribejava\scribejava-java8\8.3.3\scribejava-java8-8.3.3.jar;C:\Users\hp\.m2\repository\com\fasterxml\jackson\core\jackson-databind\2.14.0\jackson-databind-2.14.0.jar;C:\Users\hp\.m2\repository\com\fasterxml\jackson\core\jackson-annotations\2.14.0\jackson-annotations-2.14.0.jar;C:\Users\hp\.m2\repository\com\fasterxml\jackson\core\jackson-core\2.14.0\jackson-core-2.14.0.jar;C:\Users\hp\.m2\repository\io\rest-assured\json-schema-validator\5.5.5\json-schema-validator-5.5.5.jar;C:\Users\hp\.m2\repository\com\github\java-json-tools\json-schema-validator\2.2.14\json-schema-validator-2.2.14.jar;C:\Users\hp\.m2\repository\com\github\java-json-tools\jackson-coreutils-equivalence\1.0\jackson-coreutils-equivalence-1.0.jar;C:\Users\hp\.m2\repository\com\github\java-json-tools\jackson-coreutils\2.0\jackson-coreutils-2.0.jar;C:\Users\hp\.m2\repository\com\github\java-json-tools\msg-simple\1.2\msg-simple-1.2.jar;C:\Users\hp\.m2\repository\com\github\java-json-tools\btf\1.3\btf-1.3.jar;C:\Users\hp\.m2\repository\com\github\java-json-tools\json-schema-core\1.2.14\json-schema-core-1.2.14.jar;C:\Users\hp\.m2\repository\com\github\java-json-tools\uri-template\0.10\uri-template-0.10.jar;C:\Users\hp\.m2\repository\org\mozilla\rhino\1.7.7.2\rhino-1.7.7.2.jar;C:\Users\hp\.m2\repository\com\sun\mail\mailapi\1.6.2\mailapi-1.6.2.jar;C:\Users\hp\.m2\repository\joda-time\joda-time\2.10.5\joda-time-2.10.5.jar;C:\Users\hp\.m2\repository\com\googlecode\libphonenumber\libphonenumber\8.11.1\libphonenumber-8.11.1.jar;C:\Users\hp\.m2\repository\com\google\code\findbugs\jsr305\3.0.2\jsr305-3.0.2.jar;C:\Users\hp\.m2\repository\net\sf\jopt-simple\jopt-simple\5.0.4\jopt-simple-5.0.4.jar;C:\Users\hp\.m2\repository\com\google\guava\guava\33.2.1-jre\guava-33.2.1-jre.jar;C:\Users\hp\.m2\repository\com\google\guava\failureaccess\1.0.2\failureaccess-1.0.2.jar;C:\Users\hp\.m2\repository\com\google\guava\listenablefuture\9999.0-empty-to-avoid-conflict-with-guava\listenablefuture-9999.0-empty-to-avoid-conflict-with-guava.jar;C:\Users\hp\.m2\repository\org\checkerframework\checker-qual\3.42.0\checker-qual-3.42.0.jar;C:\Users\hp\.m2\repository\com\google\errorprone\error_prone_annotations\2.26.1\error_prone_annotations-2.26.1.jar;C:\Users\hp\.m2\repository\com\google\j2objc\j2objc-annotations\3.0.0\j2objc-annotations-3.0.0.jar;C:\Users\hp\.m2\repository\com\github\javafaker\javafaker\1.0.2\javafaker-1.0.2.jar;C:\Users\hp\.m2\repository\org\apache\commons\commons-lang3\3.5\commons-lang3-3.5.jar;C:\Users\hp\.m2\repository\org\yaml\snakeyaml\1.23\snakeyaml-1.23-android.jar;C:\Users\hp\.m2\repository\com\github\mifmif\generex\1.0.2\generex-1.0.2.jar;C:\Users\hp\.m2\repository\dk\brics\automaton\automaton\1.11-8\automaton-1.11-8.jar;C:\Users\hp\.m2\repository\com\aventstack\extentreports\5.1.2\extentreports-5.1.2.jar;C:\Users\hp\.m2\repository\io\reactivex\rxjava3\rxjava\3.1.6\rxjava-3.1.6.jar;C:\Users\hp\.m2\repository\org\reactivestreams\reactive-streams\1.0.4\reactive-streams-1.0.4.jar;C:\Users\hp\.m2\repository\org\freemarker\freemarker\2.3.32\freemarker-2.3.32.jar;C:\Users\hp\.m2\repository\org\projectlombok\lombok\1.18.26\lombok-1.18.26.jar;C:\Users\hp\.m2\repository\com\google\code\gson\gson\2.10.1\gson-2.10.1.jar;C:\Users\hp\.m2\repository\org\apache\poi\poi\5.4.1\poi-5.4.1.jar;C:\Users\hp\.m2\repository\commons-codec\commons-codec\1.18.0\commons-codec-1.18.0.jar;C:\Users\hp\.m2\repository\org\apache\commons\commons-collections4\4.4\commons-collections4-4.4.jar;C:\Users\hp\.m2\repository\org\apache\commons\commons-math3\3.6.1\commons-math3-3.6.1.jar;C:\Users\hp\.m2\repository\commons-io\commons-io\2.18.0\commons-io-2.18.0.jar;C:\Users\hp\.m2\repository\com\zaxxer\SparseBitSet\1.3\SparseBitSet-1.3.jar;C:\Users\hp\.m2\repository\org\apache\poi\poi-ooxml\5.4.1\poi-ooxml-5.4.1.jar;C:\Users\hp\.m2\repository\org\apache\poi\poi-ooxml-lite\5.4.1\poi-ooxml-lite-5.4.1.jar;C:\Users\hp\.m2\repository\org\apache\xmlbeans\xmlbeans\5.3.0\xmlbeans-5.3.0.jar;C:\Users\hp\.m2\repository\org\apache\commons\commons-compress\1.27.1\commons-compress-1.27.1.jar;C:\Users\hp\.m2\repository\com\github\virtuald\curvesapi\1.08\curvesapi-1.08.jar;C:\Users\hp\.m2\repository\org\apache\logging\log4j\log4j-api\2.17.2\log4j-api-2.17.2.jar;C:\Users\hp\.m2\repository\org\apache\logging\log4j\log4j-core\2.17.2\log4j-core-2.17.2.jar;"/>
    <property name="sun.cpu.endian" value="little"/>
    <property name="user.home" value="C:\Users\hp"/>
    <property name="user.language" value="en"/>
    <property name="java.specification.vendor" value="Oracle Corporation"/>
    <property name="java.version.date" value="2024-10-15"/>
    <property name="java.home" value="C:\Program Files\Java\jdk-21"/>
    <property name="file.separator" value="\"/>
    <property name="basedir" value="C:\Users\hp\eclipse-workspace\PetStoreAutomation"/>
    <property name="java.vm.compressedOopsMode" value="Zero based"/>
    <property name="line.separator" value="&#10;"/>
    <property name="java.vm.specification.vendor" value="Oracle Corporation"/>
    <property name="java.specification.name" value="Java Platform API Specification"/>
    <property name="surefire.real.class.path" value="C:\Users\hp\AppData\Local\Temp\surefire12099613410482618086\surefirebooter-20250719181305020_3.jar"/>
    <property name="user.script" value=""/>
    <property name="sun.management.compiler" value="HotSpot 64-Bit Tiered Compilers"/>
    <property name="java.runtime.version" value="21.0.5+9-LTS-239"/>
    <property name="user.name" value="hp"/>
    <property name="stdout.encoding" value="Cp1252"/>
    <property name="path.separator" value=";"/>
    <property name="os.version" value="10.0"/>
    <property name="java.runtime.name" value="Java(TM) SE Runtime Environment"/>
    <property name="file.encoding" value="UTF-8"/>
    <property name="java.vm.name" value="Java HotSpot(TM) 64-Bit Server VM"/>
    <property name="localRepository" value="C:\Users\hp\.m2\repository"/>
    <property name="java.vendor.url.bug" value="https://bugreport.java.com/bugreport/"/>
    <property name="java.io.tmpdir" value="C:\Users\hp\AppData\Local\Temp\"/>
    <property name="java.version" value="21.0.5"/>
    <property name="user.dir" value="C:\Users\hp\eclipse-workspace\PetStoreAutomation"/>
    <property name="os.arch" value="amd64"/>
    <property name="java.vm.specification.name" value="Java Virtual Machine Specification"/>
    <property name="sun.os.patch.level" value=""/>
    <property name="native.encoding" value="Cp1252"/>
    <property name="java.library.path" value="C:\Program Files\Java\jdk-21\bin;C:\WINDOWS\Sun\Java\bin;C:\WINDOWS\system32;C:\WINDOWS;C:\Python311\Scripts\;C:\Python311\;C:\Program Files\Common Files\Oracle\Java\javapath;C:\WINDOWS\system32;C:\WINDOWS;C:\WINDOWS\System32\Wbem;C:\WINDOWS\System32\WindowsPowerShell\v1.0\;C:\WINDOWS\System32\OpenSSH\;C:\Program Files\Java\jdk-20\bin;C:\Program Files\Microsoft SQL Server\150\Tools\Binn\;C:\Program Files\Microsoft SQL Server\Client SDK\ODBC\170\Tools\Binn\;C:\ProgramData\chocolatey\bin;C:\Program Files\MongoDB\Server\7.0\bin;C:\mongosh-2.1.1-win32-x64\bin;C:\Program Files\Amazon\AWSCLIV2\;C:\Program Files\Java\jdk-21\bin;C:\Program Files\Git\cmd;C:\Users\hp\Downloads\apache-maven-3.9.9-bin\apache-maven-3.9.9\bin;C:\Program Files\Docker\Docker\resources\bin;C:\Program Files\nodejs\;C:\Program Files\nodejs\node_modules;C:\Program Files\dotnet\;C:\Users\hp\Downloads\apache-maven-3.9.10-bin\apache-maven-3.9.10\bin;C:\Program Files\MySQL\MySQL Shell 8.0\bin\;C:\Users\hp\AppData\Local\Microsoft\WindowsApps;C:\Users\hp\AppData\Local\Programs\Microsoft VS Code\bin;C:\Program Files\JetBrains\PyCharm Community Edition 2024.3.3\bin;;C:\Users\hp\AppData\Roaming\npm;C:\Users\hp\.dotnet\tools;."/>
    <property name="java.vm.info" value="mixed mode, sharing"/>
    <property name="stderr.encoding" value="Cp1252"/>
    <property name="java.vendor" value="Oracle Corporation"/>
    <property name="java.vm.version" value="21.0.5+9-LTS-239"/>
    <property name="sun.io.unicode.encoding" value="UnicodeLittle"/>
    <property name="java.class.version" value="65.0"/>
  </properties>
  <testcase name="testPostUser" classname="api.test.UserTests" time="5.352">
    <system-out><![CDATA[Generated username: sandy.gutmann
Posting user: sandy.gutmann
HTTP/1.1 200 OK
Date: Sat, 19 Jul 2025 12:43:14 GMT
Content-Type: application/json
Transfer-Encoding: chunked
Connection: keep-alive
Access-Control-Allow-Origin: *
Access-Control-Allow-Methods: GET, POST, DELETE, PUT
Access-Control-Allow-Headers: Content-Type, api_key, Authorization
Server: Jetty(9.2.9.v20150224)

{
    "code": 200,
    "type": "unknown",
    "message": "1558103808"
}
]]></system-out>
    <system-err><![CDATA[SLF4J(W): No SLF4J providers were found.
SLF4J(W): Defaulting to no-operation (NOP) logger implementation
SLF4J(W): See https://www.slf4j.org/codes.html#noProviders for further details.
]]></system-err>
  </testcase>
  <testcase name="testGetUserByName" classname="api.test.UserTests" time="1.303">
    <system-out><![CDATA[Getting user: sandy.gutmann
Attempt 1: GET /user/sandy.gutmann => 200
HTTP/1.1 200 OK
Date: Sat, 19 Jul 2025 12:43:16 GMT
Content-Type: application/json
Transfer-Encoding: chunked
Connection: keep-alive
Access-Control-Allow-Origin: *
Access-Control-Allow-Methods: GET, POST, DELETE, PUT
Access-Control-Allow-Headers: Content-Type, api_key, Authorization
Server: Jetty(9.2.9.v20150224)

{
    "id": 1558103808,
    "username": "sandy.gutmann",
    "firstName": "Tajuana",
    "lastName": "Cassin",
    "email": "sallie.kreiger@example.com",
    "password": "rj4thvn",
    "phone": "1-810-177-4958",
    "userStatus": 1
}
]]></system-out>
  </testcase>
  <testcase name="testUpdateUserByName" classname="api.test.UserTests" time="4.856">
    <system-out><![CDATA[Updating user: sandy.gutmann
{
    "code": 200,
    "type": "unknown",
    "message": "1558103808"
}
]]></system-out>
  </testcase>
  <testcase name="testDeleteUserByName" classname="api.test.UserTests" time="2.378"/>
  <testcase name="testPostUser" classname="api.test.UserTests2" time="1.235">
    <system-out><![CDATA[Generated username: willetta.cruickshank
Posting user: willetta.cruickshank
HTTP/1.1 200 OK
Date: Sat, 19 Jul 2025 12:43:24 GMT
Content-Type: application/json
Transfer-Encoding: chunked
Connection: keep-alive
Access-Control-Allow-Origin: *
Access-Control-Allow-Methods: GET, POST, DELETE, PUT
Access-Control-Allow-Headers: Content-Type, api_key, Authorization
Server: Jetty(9.2.9.v20150224)

{
    "code": 200,
    "type": "unknown",
    "message": "1246335388"
}
]]></system-out>
  </testcase>
  <testcase name="testGetUserByName" classname="api.test.UserTests2" time="7.769">
    <system-out><![CDATA[Getting user: willetta.cruickshank
Attempt 1: GET /user/willetta.cruickshank => 404
Attempt 2: GET /user/willetta.cruickshank => 404
Attempt 3: GET /user/willetta.cruickshank => 200
HTTP/1.1 200 OK
Date: Sat, 19 Jul 2025 12:43:32 GMT
Content-Type: application/json
Transfer-Encoding: chunked
Connection: keep-alive
Access-Control-Allow-Origin: *
Access-Control-Allow-Methods: GET, POST, DELETE, PUT
Access-Control-Allow-Headers: Content-Type, api_key, Authorization
Server: Jetty(9.2.9.v20150224)

{
    "id": 1246335388,
    "username": "willetta.cruickshank",
    "firstName": "Ngan",
    "lastName": "Koss",
    "email": "nancey.kautzer@example.com",
    "password": "kjs2909",
    "phone": "1-321-623-3246",
    "userStatus": 1
}
]]></system-out>
  </testcase>
  <testcase name="testUpdateUserByName" classname="api.test.UserTests2" time="3.378">
    <system-out><![CDATA[Updating user: willetta.cruickshank
{
    "code": 200,
    "type": "unknown",
    "message": "1246335388"
}
]]></system-out>
  </testcase>
  <testcase name="testDeleteUserByName" classname="api.test.UserTests2" time="2.361"/>
  <testcase name="testPostUser[1010, testuser1, John, Canedy, a@gmail.com, test@1, 1234567897](1)" classname="api.test.DDTests" time="2.222">
    <system-out><![CDATA[Posting user: testuser1
]]></system-out>
  </testcase>
  <testcase name="testPostUser[1020, testuser2, Kim, Kom, b@gmail.com, test@2, 1234567897](2)" classname="api.test.DDTests" time="2.201">
    <system-out><![CDATA[Posting user: testuser2
]]></system-out>
  </testcase>
  <testcase name="testPostUser[1030, testuser3, Smith, Steve, c@gmail.com, test@3, 1234567897](3)" classname="api.test.DDTests" time="2.216">
    <system-out><![CDATA[Posting user: testuser3
]]></system-out>
  </testcase>
  <testcase name="testDeleteUserByname[testuser1](1)" classname="api.test.DDTests" time="1.19">
    <system-out><![CDATA[Attempt 1: DELETE /user/testuser1 => 200
]]></system-out>
  </testcase>
  <testcase name="testDeleteUserByname[testuser2](2)" classname="api.test.DDTests" time="1.169">
    <system-out><![CDATA[Attempt 1: DELETE /user/testuser2 => 200
]]></system-out>
  </testcase>
  <testcase name="testDeleteUserByname[testuser3](3)" classname="api.test.DDTests" time="3.367">
    <system-out><![CDATA[Attempt 1: DELETE /user/testuser3 => 404
Attempt 2: DELETE /user/testuser3 => 200
]]></system-out>
  </testcase>
  <testcase name="testDeletePetbyId" classname="api.test.PetTests" time="2.421">
    <system-out><![CDATA[Generated PetId : 1582
Deleting Pet ID: 1582
Delete Response Code: 404
Retry #1, Status: 404
Successfully confirmed deletion of Pet ID: 1582
]]></system-out>
  </testcase>
  <testcase name="testUpdatePet" classname="api.test.PetTests" time="1.306">
    <system-out><![CDATA[Updating pet : 1582
HTTP/1.1 200 OK
Date: Sat, 19 Jul 2025 12:43:57 GMT
Content-Type: application/json
Transfer-Encoding: chunked
Connection: keep-alive
Access-Control-Allow-Origin: *
Access-Control-Allow-Methods: GET, POST, DELETE, PUT
Access-Control-Allow-Headers: Content-Type, api_key, Authorization
Server: Jetty(9.2.9.v20150224)

{
    "id": 1582,
    "category": {
        "id": 80,
        "name": "Garden, Health & Industrial"
    },
    "name": "hedgehog",
    "photoUrls": [
        "www.rigoberto-feest.com"
    ],
    "tags": [
        {
            "id": 32,
            "name": "cyan"
        }
    ],
    "status": "available"
}
Executing [MethodName] for Pet ID: 1582
]]></system-out>
  </testcase>
  <testcase name="testPostPet" classname="api.test.PetTests" time="1.187">
    <system-out><![CDATA[Generated PetId : 1582
HTTP/1.1 200 OK
Date: Sat, 19 Jul 2025 12:43:58 GMT
Content-Type: application/json
Transfer-Encoding: chunked
Connection: keep-alive
Access-Control-Allow-Origin: *
Access-Control-Allow-Methods: GET, POST, DELETE, PUT
Access-Control-Allow-Headers: Content-Type, api_key, Authorization
Server: Jetty(9.2.9.v20150224)

{
    "id": 1582,
    "category": {
        "id": 80,
        "name": "Garden, Health & Industrial"
    },
    "name": "hedgehog",
    "photoUrls": [
        "www.rigoberto-feest.com"
    ],
    "tags": [
        {
            "id": 32,
            "name": "cyan"
        }
    ],
    "status": "available"
}
Executing [MethodName] for Pet ID: 1582
]]></system-out>
  </testcase>
  <testcase name="testGetPetById" classname="api.test.PetTests" time="1.245">
    <system-out><![CDATA[Getting Id : 1582
Attempt 1: GET /pet/1582=> 200
HTTP/1.1 200 OK
Date: Sat, 19 Jul 2025 12:44:00 GMT
Content-Type: application/json
Transfer-Encoding: chunked
Connection: keep-alive
Access-Control-Allow-Origin: *
Access-Control-Allow-Methods: GET, POST, DELETE, PUT
Access-Control-Allow-Headers: Content-Type, api_key, Authorization
Server: Jetty(9.2.9.v20150224)

{
    "id": 1582,
    "category": {
        "id": 80,
        "name": "Garden, Health & Industrial"
    },
    "name": "hedgehog",
    "photoUrls": [
        "www.rigoberto-feest.com"
    ],
    "tags": [
        {
            "id": 32,
            "name": "cyan"
        }
    ],
    "status": "available"
}
Executing [MethodName] for Pet ID: 1582
]]></system-out>
  </testcase>
  <testcase name="testDeletePetbyId" classname="api.test.PetTests2" time="2.363">
    <system-out><![CDATA[Generated PetId : 1729
Deleting Pet ID: 1729
Delete Response Code: 404
Retry #1, Status: 404
Successfully confirmed deletion of Pet ID: 1729
]]></system-out>
  </testcase>
  <testcase name="testUpdatePet" classname="api.test.PetTests2" time="1.271">
    <system-out><![CDATA[Updating pet : 1729
HTTP/1.1 200 OK
Date: Sat, 19 Jul 2025 12:44:03 GMT
Content-Type: application/json
Transfer-Encoding: chunked
Connection: keep-alive
Access-Control-Allow-Origin: *
Access-Control-Allow-Methods: GET, POST, DELETE, PUT
Access-Control-Allow-Headers: Content-Type, api_key, Authorization
Server: Jetty(9.2.9.v20150224)

{
    "id": 1729,
    "category": {
        "id": 84,
        "name": "Baby, Books & Health"
    },
    "name": "termite",
    "photoUrls": [
        "www.alfredo-shanahan.info"
    ],
    "tags": [
        {
            "id": 26,
            "name": "sky blue"
        }
    ],
    "status": "available"
}
Executing [MethodName] for Pet ID: 1729
]]></system-out>
  </testcase>
  <testcase name="testPostPet" classname="api.test.PetTests2" time="1.198">
    <system-out><![CDATA[Generated PetId : 1729
HTTP/1.1 200 OK
Date: Sat, 19 Jul 2025 12:44:04 GMT
Content-Type: application/json
Transfer-Encoding: chunked
Connection: keep-alive
Access-Control-Allow-Origin: *
Access-Control-Allow-Methods: GET, POST, DELETE, PUT
Access-Control-Allow-Headers: Content-Type, api_key, Authorization
Server: Jetty(9.2.9.v20150224)

{
    "id": 1729,
    "category": {
        "id": 84,
        "name": "Baby, Books & Health"
    },
    "name": "termite",
    "photoUrls": [
        "www.alfredo-shanahan.info"
    ],
    "tags": [
        {
            "id": 26,
            "name": "sky blue"
        }
    ],
    "status": "available"
}
Executing [MethodName] for Pet ID: 1729
]]></system-out>
  </testcase>
  <testcase name="testGetPetById" classname="api.test.PetTests2" time="4.32">
    <system-out><![CDATA[Getting Id : 1729
Attempt 1: GET /pet/1729=> 404
Attempt 2: GET /pet/1729=> 200
HTTP/1.1 200 OK
Date: Sat, 19 Jul 2025 12:44:09 GMT
Content-Type: application/json
Transfer-Encoding: chunked
Connection: keep-alive
Access-Control-Allow-Origin: *
Access-Control-Allow-Methods: GET, POST, DELETE, PUT
Access-Control-Allow-Headers: Content-Type, api_key, Authorization
Server: Jetty(9.2.9.v20150224)

{
    "id": 1729,
    "category": {
        "id": 84,
        "name": "Baby, Books & Health"
    },
    "name": "termite",
    "photoUrls": [
        "www.alfredo-shanahan.info"
    ],
    "tags": [
        {
            "id": 26,
            "name": "sky blue"
        }
    ],
    "status": "available"
}
Executing [MethodName] for Pet ID: 1729
]]></system-out>
  </testcase>
  <testcase name="testCreatePet[1001, Max, 10, Dog, available, 101, friendly, https://example.com/max.jpg, org.testng.TestRunner@3b847d31](1)" classname="api.test.DDTestsPet" time="1.218">
    <system-out><![CDATA[Reading cell [Row: 1, Col: 0] = 1001
Reading cell [Row: 1, Col: 1] = Max
Reading cell [Row: 1, Col: 2] = 10
Reading cell [Row: 1, Col: 3] = Dog
Reading cell [Row: 1, Col: 4] = available
Reading cell [Row: 1, Col: 5] = 101
Reading cell [Row: 1, Col: 6] = friendly
Reading cell [Row: 1, Col: 7] = https://example.com/max.jpg
Reading cell [Row: 2, Col: 0] = 1002
Reading cell [Row: 2, Col: 1] = Bella
Reading cell [Row: 2, Col: 2] = 20
Reading cell [Row: 2, Col: 3] = Cat
Reading cell [Row: 2, Col: 4] = pending
Reading cell [Row: 2, Col: 5] = 102
Reading cell [Row: 2, Col: 6] = cute
Reading cell [Row: 2, Col: 7] = https://example.com/bella.jpg
Reading cell [Row: 3, Col: 0] = 1003
Reading cell [Row: 3, Col: 1] = Charlie
Reading cell [Row: 3, Col: 2] = 30
Reading cell [Row: 3, Col: 3] = Bird
Reading cell [Row: 3, Col: 4] = sold
Reading cell [Row: 3, Col: 5] = 103
Reading cell [Row: 3, Col: 6] = talky
Reading cell [Row: 3, Col: 7] = https://example.com/charlie.jpg
Skipping blank row at Excel row index: 4
HTTP/1.1 200 OK
Date: Sat, 19 Jul 2025 12:44:11 GMT
Content-Type: application/json
Transfer-Encoding: chunked
Connection: keep-alive
Access-Control-Allow-Origin: *
Access-Control-Allow-Methods: GET, POST, DELETE, PUT
Access-Control-Allow-Headers: Content-Type, api_key, Authorization
Server: Jetty(9.2.9.v20150224)

{
    "id": 1001,
    "category": {
        "id": 10,
        "name": "Dog"
    },
    "name": "Max",
    "photoUrls": [
        "https://example.com/max.jpg"
    ],
    "tags": [
        {
            "id": 101,
            "name": "friendly"
        }
    ],
    "status": "available"
}
]]></system-out>
  </testcase>
  <testcase name="testCreatePet[1002, Bella, 20, Cat, pending, 102, cute, https://example.com/bella.jpg, org.testng.TestRunner@3b847d31](2)" classname="api.test.DDTestsPet" time="1.209">
    <system-out><![CDATA[HTTP/1.1 200 OK
Date: Sat, 19 Jul 2025 12:44:13 GMT
Content-Type: application/json
Transfer-Encoding: chunked
Connection: keep-alive
Access-Control-Allow-Origin: *
Access-Control-Allow-Methods: GET, POST, DELETE, PUT
Access-Control-Allow-Headers: Content-Type, api_key, Authorization
Server: Jetty(9.2.9.v20150224)

{
    "id": 1002,
    "category": {
        "id": 20,
        "name": "Cat"
    },
    "name": "Bella",
    "photoUrls": [
        "https://example.com/bella.jpg"
    ],
    "tags": [
        {
            "id": 102,
            "name": "cute"
        }
    ],
    "status": "pending"
}
]]></system-out>
  </testcase>
  <testcase name="testCreatePet[1003, Charlie, 30, Bird, sold, 103, talky, https://example.com/charlie.jpg, org.testng.TestRunner@3b847d31](3)" classname="api.test.DDTestsPet" time="1.178">
    <system-out><![CDATA[HTTP/1.1 200 OK
Date: Sat, 19 Jul 2025 12:44:14 GMT
Content-Type: application/json
Transfer-Encoding: chunked
Connection: keep-alive
Access-Control-Allow-Origin: *
Access-Control-Allow-Methods: GET, POST, DELETE, PUT
Access-Control-Allow-Headers: Content-Type, api_key, Authorization
Server: Jetty(9.2.9.v20150224)

{
    "id": 1003,
    "category": {
        "id": 30,
        "name": "Bird"
    },
    "name": "Charlie",
    "photoUrls": [
        "https://example.com/charlie.jpg"
    ],
    "tags": [
        {
            "id": 103,
            "name": "talky"
        }
    ],
    "status": "sold"
}
]]></system-out>
  </testcase>
  <testcase name="testDeletePetById[org.testng.TestRunner@3b847d31](1)" classname="api.test.DDTestsPet" time="2.345">
    <system-out><![CDATA[Deleting Pet ID: 1003
Retry #1 - Status: 404
]]></system-out>
  </testcase>
  <testcase name="testPostStore" classname="api.test.StoreTests" time="1.307">
    <system-out><![CDATA[Generated OrderId : 9544
Generated OrderId : 9544
Body:
{
    "id": 9544,
    "petId": 9046,
    "quantity": 2,
    "shipDate": "2025-07-19T18:14:17.3070476+05:30",
    "status": "approved",
    "complete": true
}
HTTP/1.1 200 OK
Date: Sat, 19 Jul 2025 12:44:19 GMT
Content-Type: application/json
Transfer-Encoding: chunked
Connection: keep-alive
Access-Control-Allow-Origin: *
Access-Control-Allow-Methods: GET, POST, DELETE, PUT
Access-Control-Allow-Headers: Content-Type, api_key, Authorization
Server: Jetty(9.2.9.v20150224)

{
    "id": 9544,
    "petId": 9046,
    "quantity": 2,
    "shipDate": "2025-07-19T12:44:17.307+0000",
    "status": "approved",
    "complete": true
}
HTTP/1.1 200 OK
Date: Sat, 19 Jul 2025 12:44:19 GMT
Content-Type: application/json
Transfer-Encoding: chunked
Connection: keep-alive
Access-Control-Allow-Origin: *
Access-Control-Allow-Methods: GET, POST, DELETE, PUT
Access-Control-Allow-Headers: Content-Type, api_key, Authorization
Server: Jetty(9.2.9.v20150224)

{
    "id": 9544,
    "petId": 9046,
    "quantity": 2,
    "shipDate": "2025-07-19T12:44:17.307+0000",
    "status": "approved",
    "complete": true
}
Executing testPostStore for Order Id : 9544
]]></system-out>
  </testcase>
  <testcase name="testGetStoreById" classname="api.test.StoreTests" time="1.161">
    <system-out><![CDATA[Getting Id : 9544
Attempt 1: GET /store/order9544=> 200
HTTP/1.1 200 OK
Date: Sat, 19 Jul 2025 12:44:20 GMT
Content-Type: application/json
Transfer-Encoding: chunked
Connection: keep-alive
Access-Control-Allow-Origin: *
Access-Control-Allow-Methods: GET, POST, DELETE, PUT
Access-Control-Allow-Headers: Content-Type, api_key, Authorization
Server: Jetty(9.2.9.v20150224)

{
    "id": 9544,
    "petId": 9046,
    "quantity": 2,
    "shipDate": "2025-07-19T12:44:17.307+0000",
    "status": "approved",
    "complete": true
}
Executing testGetStoreById for Order Id : 9544
]]></system-out>
  </testcase>
  <testcase name="testDeleteStoreById" classname="api.test.StoreTests" time="2.375">
    <system-out><![CDATA[Deleting Order Id : 9544
Delete Response code : 404
Retry #1, Status: 404
Successfully confirmed deletion of Order Id : 9544
]]></system-out>
  </testcase>
  <testcase name="testPostStore" classname="api.test.StoreTests2" time="1.199">
    <system-out><![CDATA[Generated OrderId : 5313
Generated OrderId : 5313
Body:
{
    "id": 5313,
    "petId": 8711,
    "quantity": 6,
    "shipDate": "2025-07-19T18:14:24.0639119+05:30",
    "status": "delivered",
    "complete": true
}
HTTP/1.1 200 OK
Date: Sat, 19 Jul 2025 12:44:25 GMT
Content-Type: application/json
Transfer-Encoding: chunked
Connection: keep-alive
Access-Control-Allow-Origin: *
Access-Control-Allow-Methods: GET, POST, DELETE, PUT
Access-Control-Allow-Headers: Content-Type, api_key, Authorization
Server: Jetty(9.2.9.v20150224)

{
    "id": 5313,
    "petId": 8711,
    "quantity": 6,
    "shipDate": "2025-07-19T12:44:24.063+0000",
    "status": "delivered",
    "complete": true
}
HTTP/1.1 200 OK
Date: Sat, 19 Jul 2025 12:44:25 GMT
Content-Type: application/json
Transfer-Encoding: chunked
Connection: keep-alive
Access-Control-Allow-Origin: *
Access-Control-Allow-Methods: GET, POST, DELETE, PUT
Access-Control-Allow-Headers: Content-Type, api_key, Authorization
Server: Jetty(9.2.9.v20150224)

{
    "id": 5313,
    "petId": 8711,
    "quantity": 6,
    "shipDate": "2025-07-19T12:44:24.063+0000",
    "status": "delivered",
    "complete": true
}
Executing testPostStore for Order Id : 5313
]]></system-out>
  </testcase>
  <testcase name="testGetStoreById" classname="api.test.StoreTests2" time="4.362">
    <system-out><![CDATA[Getting Id : 5313
Attempt 1: GET /store/order5313=> 404
Attempt 2: GET /store/order5313=> 200
HTTP/1.1 200 OK
Date: Sat, 19 Jul 2025 12:44:30 GMT
Content-Type: application/json
Transfer-Encoding: chunked
Connection: keep-alive
Access-Control-Allow-Origin: *
Access-Control-Allow-Methods: GET, POST, DELETE, PUT
Access-Control-Allow-Headers: Content-Type, api_key, Authorization
Server: Jetty(9.2.9.v20150224)

{
    "id": 5313,
    "petId": 8711,
    "quantity": 6,
    "shipDate": "2025-07-19T12:44:24.063+0000",
    "status": "delivered",
    "complete": true
}
Executing testGetStoreById for Order Id : 5313
]]></system-out>
  </testcase>
  <testcase name="testDeleteStoreById" classname="api.test.StoreTests2" time="2.407">
    <system-out><![CDATA[Deleting Order Id : 5313
Delete Response code : 200
Retry #1, Status: 404
Successfully confirmed deletion of Order Id : 5313
]]></system-out>
  </testcase>
  <testcase name="testCreateOrder[1001, 12, 3, 2025-07-18T13:10:00Z, placed, TRUE, org.testng.TestRunner@3b847d31](1)" classname="api.test.DDTestsStore" time="1.226">
    <system-out><![CDATA[Reading cell [Row: 1, Col: 0] = 1001
Reading cell [Row: 1, Col: 1] = 12
Reading cell [Row: 1, Col: 2] = 3
Reading cell [Row: 1, Col: 3] = 2025-07-18T13:10:00Z
Reading cell [Row: 1, Col: 4] = placed
Reading cell [Row: 1, Col: 5] = TRUE
Reading cell [Row: 2, Col: 0] = 1002
Reading cell [Row: 2, Col: 1] = 34
Reading cell [Row: 2, Col: 2] = 1
Reading cell [Row: 2, Col: 3] = 2025-07-18T15:30:00Z
Reading cell [Row: 2, Col: 4] = delivered
Reading cell [Row: 2, Col: 5] = FALSE
Reading cell [Row: 3, Col: 0] = 1003
Reading cell [Row: 3, Col: 1] = 56
Reading cell [Row: 3, Col: 2] = 5
Reading cell [Row: 3, Col: 3] = 2025-07-19T09:00:00+05:30
Reading cell [Row: 3, Col: 4] = approved
Reading cell [Row: 3, Col: 5] = TRUE
Body:
{
    "id": 1001,
    "petId": 12,
    "quantity": 3,
    "shipDate": "2025-07-18T13:10:00Z",
    "status": "placed",
    "complete": true
}
HTTP/1.1 200 OK
Date: Sat, 19 Jul 2025 12:44:34 GMT
Content-Type: application/json
Transfer-Encoding: chunked
Connection: keep-alive
Access-Control-Allow-Origin: *
Access-Control-Allow-Methods: GET, POST, DELETE, PUT
Access-Control-Allow-Headers: Content-Type, api_key, Authorization
Server: Jetty(9.2.9.v20150224)

{
    "id": 1001,
    "petId": 12,
    "quantity": 3,
    "shipDate": "2025-07-18T13:10:00.000+0000",
    "status": "placed",
    "complete": true
}
HTTP/1.1 200 OK
Date: Sat, 19 Jul 2025 12:44:34 GMT
Content-Type: application/json
Transfer-Encoding: chunked
Connection: keep-alive
Access-Control-Allow-Origin: *
Access-Control-Allow-Methods: GET, POST, DELETE, PUT
Access-Control-Allow-Headers: Content-Type, api_key, Authorization
Server: Jetty(9.2.9.v20150224)

{
    "id": 1001,
    "petId": 12,
    "quantity": 3,
    "shipDate": "2025-07-18T13:10:00.000+0000",
    "status": "placed",
    "complete": true
}
]]></system-out>
  </testcase>
  <testcase name="testCreateOrder[1002, 34, 1, 2025-07-18T15:30:00Z, delivered, FALSE, org.testng.TestRunner@3b847d31](2)" classname="api.test.DDTestsStore" time="1.196">
    <system-out><![CDATA[Body:
{
    "id": 1002,
    "petId": 34,
    "quantity": 1,
    "shipDate": "2025-07-18T15:30:00Z",
    "status": "delivered",
    "complete": false
}
HTTP/1.1 200 OK
Date: Sat, 19 Jul 2025 12:44:35 GMT
Content-Type: application/json
Transfer-Encoding: chunked
Connection: keep-alive
Access-Control-Allow-Origin: *
Access-Control-Allow-Methods: GET, POST, DELETE, PUT
Access-Control-Allow-Headers: Content-Type, api_key, Authorization
Server: Jetty(9.2.9.v20150224)

{
    "id": 1002,
    "petId": 34,
    "quantity": 1,
    "shipDate": "2025-07-18T15:30:00.000+0000",
    "status": "delivered",
    "complete": false
}
HTTP/1.1 200 OK
Date: Sat, 19 Jul 2025 12:44:35 GMT
Content-Type: application/json
Transfer-Encoding: chunked
Connection: keep-alive
Access-Control-Allow-Origin: *
Access-Control-Allow-Methods: GET, POST, DELETE, PUT
Access-Control-Allow-Headers: Content-Type, api_key, Authorization
Server: Jetty(9.2.9.v20150224)

{
    "id": 1002,
    "petId": 34,
    "quantity": 1,
    "shipDate": "2025-07-18T15:30:00.000+0000",
    "status": "delivered",
    "complete": false
}
]]></system-out>
  </testcase>
  <testcase name="testCreateOrder[1003, 56, 5, 2025-07-19T09:00:00+05:30, approved, TRUE, org.testng.TestRunner@3b847d31](3)" classname="api.test.DDTestsStore" time="1.177">
    <system-out><![CDATA[Body:
{
    "id": 1003,
    "petId": 56,
    "quantity": 5,
    "shipDate": "2025-07-19T09:00:00+05:30",
    "status": "approved",
    "complete": true
}
HTTP/1.1 200 OK
Date: Sat, 19 Jul 2025 12:44:36 GMT
Content-Type: application/json
Transfer-Encoding: chunked
Connection: keep-alive
Access-Control-Allow-Origin: *
Access-Control-Allow-Methods: GET, POST, DELETE, PUT
Access-Control-Allow-Headers: Content-Type, api_key, Authorization
Server: Jetty(9.2.9.v20150224)

{
    "id": 1003,
    "petId": 56,
    "quantity": 5,
    "shipDate": "2025-07-19T03:30:00.000+0000",
    "status": "approved",
    "complete": true
}
HTTP/1.1 200 OK
Date: Sat, 19 Jul 2025 12:44:36 GMT
Content-Type: application/json
Transfer-Encoding: chunked
Connection: keep-alive
Access-Control-Allow-Origin: *
Access-Control-Allow-Methods: GET, POST, DELETE, PUT
Access-Control-Allow-Headers: Content-Type, api_key, Authorization
Server: Jetty(9.2.9.v20150224)

{
    "id": 1003,
    "petId": 56,
    "quantity": 5,
    "shipDate": "2025-07-19T03:30:00.000+0000",
    "status": "approved",
    "complete": true
}
]]></system-out>
  </testcase>
  <testcase name="testDeleteOrderById[org.testng.TestRunner@3b847d31](1)" classname="api.test.DDTestsStore" time="2.349">
    <system-out><![CDATA[Deleting Order Id : 1003
Retry #1 - Status: 404
Final status after deletion retries: 404
]]></system-out>
  </testcase>
</testsuite>