<?xml version="1.0" encoding="UTF-8"?>
<!-- Generated by org.testng.reporters.JUnitReportReporter -->
<testsuite hostname="DESKTOP-A7D4RAN" failures="0" tests="4" name="api.test.UserTests2" time="11.603" errors="0" timestamp="2025-07-19T19:24:06 IST" skipped="0">
  <testcase classname="api.test.UserTests2" name="testPostUser" time="1.188"/>
  <testcase classname="api.test.UserTests2" name="testGetUserByName" time="1.189"/>
  <testcase classname="api.test.UserTests2" name="testUpdateUserByName" time="2.380"/>
  <testcase classname="api.test.UserTests2" name="testDeleteUserByName" time="6.846"/>
</testsuite> <!-- api.test.UserTests2 -->
