<?xml version="1.0" encoding="UTF-8"?>
<!-- Generated by org.testng.reporters.JUnitReportReporter -->
<testsuite hostname="DESKTOP-A7D4RAN" failures="0" tests="4" name="api.test.DDTestsStore" time="6.101" errors="0" timestamp="2025-07-19T20:05:53 IST" skipped="0">
  <testcase classname="api.test.DDTestsStore" name="testCreateOrder" time="1.230"/>
  <testcase classname="api.test.DDTestsStore" name="testCreateOrder" time="1.246"/>
  <testcase classname="api.test.DDTestsStore" name="testCreateOrder" time="1.240"/>
  <testcase classname="api.test.DDTestsStore" name="testDeleteOrderById" time="2.385"/>
</testsuite> <!-- api.test.DDTestsStore -->
