<?xml version="1.0" encoding="UTF-8"?>
<!-- Generated by org.testng.reporters.JUnitReportReporter -->
<testsuite hostname="DESKTOP-A7D4RAN" failures="0" tests="4" name="api.test.PetTests" time="10.401" errors="0" timestamp="2025-07-19T19:54:06 IST" skipped="0">
  <testcase classname="api.test.PetTests" name="testUpdatePet" time="2.037"/>
  <testcase classname="api.test.PetTests" name="testDeletePetbyId" time="5.931"/>
  <testcase classname="api.test.PetTests" name="testPostPet" time="1.197"/>
  <testcase classname="api.test.PetTests" name="testGetPetById" time="1.236"/>
</testsuite> <!-- api.test.PetTests -->
