<?xml version="1.0" encoding="UTF-8"?>
<!-- Generated by org.testng.reporters.JUnitReportReporter -->
<testsuite hostname="DESKTOP-A7D4RAN" failures="0" tests="4" name="api.test.UserTests" time="23.868" errors="0" timestamp="2025-07-14T13:39:20 IST" skipped="0">
  <testcase classname="api.test.UserTests" name="testPostUser" time="7.734"/>
  <testcase classname="api.test.UserTests" name="testGetUserByName" time="4.557"/>
  <testcase classname="api.test.UserTests" name="testUpdateUserByName" time="2.491"/>
  <testcase classname="api.test.UserTests" name="testDeleteUserByName" time="9.086"/>
</testsuite> <!-- api.test.UserTests -->
