<?xml version="1.0" encoding="UTF-8"?>
<!-- Generated by org.testng.reporters.JUnitReportReporter -->
<testsuite hostname="DESKTOP-A7D4RAN" failures="0" tests="4" name="api.test.DDTestsPet" time="10.615" errors="0" timestamp="2025-07-17T19:34:24 IST" skipped="0">
  <testcase classname="api.test.DDTestsPet" name="testCreatePet" time="1.242"/>
  <testcase classname="api.test.DDTestsPet" name="testCreatePet" time="5.184"/>
  <testcase classname="api.test.DDTestsPet" name="testCreatePet" time="1.253"/>
  <testcase classname="api.test.DDTestsPet" name="testDeletePetById" time="2.936"/>
</testsuite> <!-- api.test.DDTestsPet -->
