<?xml version="1.0" encoding="UTF-8"?>
<!-- Generated by org.testng.reporters.JUnitReportReporter -->
<testsuite hostname="DESKTOP-A7D4RAN" failures="0" tests="6" name="api.test.DDTests" time="14.760" errors="0" timestamp="2025-07-19T19:51:59 IST" skipped="0">
  <testcase classname="api.test.DDTests" name="testPostUser" time="2.272"/>
  <testcase classname="api.test.DDTests" name="testPostUser" time="2.242"/>
  <testcase classname="api.test.DDTests" name="testPostUser" time="2.196"/>
  <testcase classname="api.test.DDTests" name="testDeleteUserByname" time="1.190"/>
  <testcase classname="api.test.DDTests" name="testDeleteUserByname" time="3.448"/>
  <testcase classname="api.test.DDTests" name="testDeleteUserByname" time="3.412"/>
</testsuite> <!-- api.test.DDTests -->
