<?xml version="1.0" encoding="UTF-8"?>
<!-- Generated by org.testng.reporters.JUnitReportReporter -->
<testsuite hostname="DESKTOP-A7D4RAN" failures="0" tests="4" name="api.test.DDTestsStore" time="5.974" errors="0" timestamp="2025-07-19T17:55:10 IST" skipped="0">
  <testcase classname="api.test.DDTestsStore" name="testCreateOrder" time="1.226"/>
  <testcase classname="api.test.DDTestsStore" name="testCreateOrder" time="1.178"/>
  <testcase classname="api.test.DDTestsStore" name="testCreateOrder" time="1.198"/>
  <testcase classname="api.test.DDTestsStore" name="testDeleteOrderById" time="2.372"/>
</testsuite> <!-- api.test.DDTestsStore -->
