<?xml version="1.0" encoding="UTF-8"?>
<!-- Generated by org.testng.reporters.JUnitReportReporter -->
<testsuite hostname="DESKTOP-A7D4RAN" failures="0" tests="6" name="api.test.DDTests" time="10.225" errors="0" timestamp="2025-07-19T17:55:10 IST" skipped="0">
  <testcase classname="api.test.DDTests" name="testPostUser" time="2.222"/>
  <testcase classname="api.test.DDTests" name="testPostUser" time="2.199"/>
  <testcase classname="api.test.DDTests" name="testPostUser" time="2.191"/>
  <testcase classname="api.test.DDTests" name="testDeleteUserByname" time="1.197"/>
  <testcase classname="api.test.DDTests" name="testDeleteUserByname" time="1.211"/>
  <testcase classname="api.test.DDTests" name="testDeleteUserByname" time="1.205"/>
</testsuite> <!-- api.test.DDTests -->
