<?xml version="1.0" encoding="UTF-8"?>
<!-- Generated by org.testng.reporters.JUnitReportReporter -->
<testsuite hostname="DESKTOP-A7D4RAN" failures="0" tests="4" name="api.test.UserTests2" time="14.112" errors="0" timestamp="2025-07-15T10:03:01 IST" skipped="0">
  <testcase classname="api.test.UserTests2" name="testPostUser" time="5.706"/>
  <testcase classname="api.test.UserTests2" name="testGetUserByName" time="1.296"/>
  <testcase classname="api.test.UserTests2" name="testUpdateUserByName" time="2.469"/>
  <testcase classname="api.test.UserTests2" name="testDeleteUserByName" time="4.641"/>
</testsuite> <!-- api.test.UserTests2 -->
