<?xml version="1.0" encoding="UTF-8"?>
<!-- Generated by org.testng.reporters.JUnitReportReporter -->
<testsuite hostname="DESKTOP-A7D4RAN" failures="0" tests="4" name="api.test.PetTests2" time="6.134" errors="0" timestamp="2025-07-19T19:54:06 IST" skipped="0">
  <testcase classname="api.test.PetTests2" name="testUpdatePet" time="1.234"/>
  <testcase classname="api.test.PetTests2" name="testDeletePetbyId" time="2.449"/>
  <testcase classname="api.test.PetTests2" name="testPostPet" time="1.197"/>
  <testcase classname="api.test.PetTests2" name="testGetPetById" time="1.254"/>
</testsuite> <!-- api.test.PetTests2 -->
