<?xml version="1.0" encoding="UTF-8"?>
<!-- Generated by org.testng.reporters.JUnitReportReporter -->
<testsuite hostname="DESKTOP-A7D4RAN" failures="0" tests="6" name="api.test.DDTests" time="20.373" errors="0" timestamp="2025-07-19T19:24:06 IST" skipped="0">
  <testcase classname="api.test.DDTests" name="testPostUser" time="2.562"/>
  <testcase classname="api.test.DDTests" name="testPostUser" time="2.235"/>
  <testcase classname="api.test.DDTests" name="testPostUser" time="2.186"/>
  <testcase classname="api.test.DDTests" name="testDeleteUserByname" time="3.397"/>
  <testcase classname="api.test.DDTests" name="testDeleteUserByname" time="1.185"/>
  <testcase classname="api.test.DDTests" name="testDeleteUserByname" time="8.808"/>
</testsuite> <!-- api.test.DDTests -->
