<?xml version="1.0" encoding="UTF-8"?>
<!-- Generated by org.testng.reporters.JUnitReportReporter -->
<testsuite hostname="DESKTOP-A7D4RAN" failures="0" tests="4" name="api.test.PetTests" time="6.256" errors="0" timestamp="2025-07-17T22:03:48 IST" skipped="0">
  <testcase classname="api.test.PetTests" name="testDeletePetbyId" time="2.415"/>
  <testcase classname="api.test.PetTests" name="testUpdatePet" time="1.375"/>
  <testcase classname="api.test.PetTests" name="testPostPet" time="1.220"/>
  <testcase classname="api.test.PetTests" name="testGetPetById" time="1.246"/>
</testsuite> <!-- api.test.PetTests -->
