<?xml version="1.0" encoding="UTF-8"?>
<!-- Generated by org.testng.reporters.JUnitReportReporter -->
<testsuite hostname="DESKTOP-A7D4RAN" failures="0" tests="4" name="api.test.UserTests2" time="14.181" errors="0" timestamp="2025-07-17T23:33:38 IST" skipped="0">
  <testcase classname="api.test.UserTests2" name="testPostUser" time="4.874"/>
  <testcase classname="api.test.UserTests2" name="testGetUserByName" time="4.474"/>
  <testcase classname="api.test.UserTests2" name="testUpdateUserByName" time="2.382"/>
  <testcase classname="api.test.UserTests2" name="testDeleteUserByName" time="2.451"/>
</testsuite> <!-- api.test.UserTests2 -->
