<?xml version="1.0" encoding="UTF-8"?>
<!-- Generated by org.testng.reporters.JUnitReportReporter -->
<testsuite hostname="DESKTOP-A7D4RAN" failures="0" tests="4" name="api.test.DDTestsPet" time="6.141" errors="0" timestamp="2025-07-19T19:54:06 IST" skipped="0">
  <testcase classname="api.test.DDTestsPet" name="testCreatePet" time="1.215"/>
  <testcase classname="api.test.DDTestsPet" name="testCreatePet" time="1.232"/>
  <testcase classname="api.test.DDTestsPet" name="testCreatePet" time="1.252"/>
  <testcase classname="api.test.DDTestsPet" name="testDeletePetById" time="2.442"/>
</testsuite> <!-- api.test.DDTestsPet -->
