<?xml version="1.0" encoding="UTF-8"?>
<!-- Generated by org.testng.reporters.JUnitReportReporter -->
<testsuite hostname="DESKTOP-A7D4RAN" failures="0" tests="4" name="api.test.UserTests" time="28.759" errors="0" timestamp="2025-07-19T19:51:59 IST" skipped="0">
  <testcase classname="api.test.UserTests" name="testPostUser" time="5.232"/>
  <testcase classname="api.test.UserTests" name="testGetUserByName" time="11.691"/>
  <testcase classname="api.test.UserTests" name="testUpdateUserByName" time="4.970"/>
  <testcase classname="api.test.UserTests" name="testDeleteUserByName" time="6.866"/>
</testsuite> <!-- api.test.UserTests -->
