<?xml version="1.0" encoding="UTF-8"?>
<!-- Generated by org.testng.reporters.JUnitReportReporter -->
<testsuite hostname="DESKTOP-A7D4RAN" failures="0" tests="3" name="api.test.StoreTests" time="8.206" errors="0" timestamp="2025-07-19T17:55:10 IST" skipped="0">
  <testcase classname="api.test.StoreTests" name="testPostStore" time="1.272"/>
  <testcase classname="api.test.StoreTests" name="testGetStoreById" time="4.531"/>
  <testcase classname="api.test.StoreTests" name="testDeleteStoreById" time="2.403"/>
</testsuite> <!-- api.test.StoreTests -->
