<?xml version="1.0" encoding="UTF-8"?>
<!-- Generated by org.testng.reporters.JUnitReportReporter -->
<testsuite hostname="DESKTOP-A7D4RAN" failures="0" tests="4" name="api.test.DDTestsPet" time="5.998" errors="0" timestamp="2025-07-19T17:55:10 IST" skipped="0">
  <testcase classname="api.test.DDTestsPet" name="testCreatePet" time="1.198"/>
  <testcase classname="api.test.DDTestsPet" name="testCreatePet" time="1.235"/>
  <testcase classname="api.test.DDTestsPet" name="testCreatePet" time="1.180"/>
  <testcase classname="api.test.DDTestsPet" name="testDeletePetById" time="2.385"/>
</testsuite> <!-- api.test.DDTestsPet -->
