<?xml version="1.0" encoding="UTF-8"?>
<!-- Generated by org.testng.reporters.JUnitReportReporter -->
<testsuite hostname="DESKTOP-A7D4RAN" failures="0" tests="4" name="api.test.PetTests2" time="6.130" errors="0" timestamp="2025-07-17T23:33:38 IST" skipped="0">
  <testcase classname="api.test.PetTests2" name="testUpdatePet" time="1.277"/>
  <testcase classname="api.test.PetTests2" name="testDeletePetbyId" time="2.433"/>
  <testcase classname="api.test.PetTests2" name="testPostPet" time="1.199"/>
  <testcase classname="api.test.PetTests2" name="testGetPetById" time="1.221"/>
</testsuite> <!-- api.test.PetTests2 -->
