<?xml version="1.0" encoding="UTF-8"?>
<!-- Generated by org.testng.reporters.JUnitReportReporter -->
<testsuite hostname="DESKTOP-A7D4RAN" failures="0" tests="4" name="api.test.UserTests" time="15.621" errors="0" timestamp="2025-07-19T19:24:06 IST" skipped="0">
  <testcase classname="api.test.UserTests" name="testPostUser" time="5.073"/>
  <testcase classname="api.test.UserTests" name="testGetUserByName" time="4.480"/>
  <testcase classname="api.test.UserTests" name="testUpdateUserByName" time="3.640"/>
  <testcase classname="api.test.UserTests" name="testDeleteUserByName" time="2.428"/>
</testsuite> <!-- api.test.UserTests -->
