<?xml version="1.0" encoding="UTF-8"?>
<!-- Generated by org.testng.reporters.JUnitReportReporter -->
<testsuite hostname="DESKTOP-A7D4RAN" failures="0" tests="4" name="api.test.PetTests" time="8.055" errors="0" timestamp="2025-07-19T17:55:10 IST" skipped="0">
  <testcase classname="api.test.PetTests" name="testUpdatePet" time="1.345"/>
  <testcase classname="api.test.PetTests" name="testDeletePetbyId" time="4.284"/>
  <testcase classname="api.test.PetTests" name="testPostPet" time="1.214"/>
  <testcase classname="api.test.PetTests" name="testGetPetById" time="1.212"/>
</testsuite> <!-- api.test.PetTests -->
