<?xml version="1.0" encoding="UTF-8"?>
<!-- Generated by org.testng.reporters.JUnitReportReporter -->
<testsuite hostname="DESKTOP-A7D4RAN" failures="0" tests="4" name="api.test.PetTests" time="11.495" errors="0" timestamp="2025-07-19T19:57:13 IST" skipped="0">
  <testcase classname="api.test.PetTests" name="testUpdatePet" time="2.911"/>
  <testcase classname="api.test.PetTests" name="testDeletePetbyId" time="6.127"/>
  <testcase classname="api.test.PetTests" name="testPostPet" time="1.273"/>
  <testcase classname="api.test.PetTests" name="testGetPetById" time="1.184"/>
</testsuite> <!-- api.test.PetTests -->
