<?xml version="1.0" encoding="UTF-8"?>
<!-- Generated by org.testng.reporters.JUnitReportReporter -->
<testsuite hostname="DESKTOP-A7D4RAN" failures="0" tests="6" name="api.test.DDTests" time="23.077" errors="0" timestamp="2025-07-15T10:30:56 IST" skipped="0">
  <testcase classname="api.test.DDTests" name="testPostUser" time="2.249"/>
  <testcase classname="api.test.DDTests" name="testPostUser" time="7.048"/>
  <testcase classname="api.test.DDTests" name="testPostUser" time="2.256"/>
  <testcase classname="api.test.DDTests" name="testDeleteUserByname" time="6.898"/>
  <testcase classname="api.test.DDTests" name="testDeleteUserByname" time="3.395"/>
  <testcase classname="api.test.DDTests" name="testDeleteUserByname" time="1.231"/>
</testsuite> <!-- api.test.DDTests -->
