<?xml version="1.0" encoding="UTF-8"?>
<!-- Generated by org.testng.reporters.JUnitReportReporter -->
<testsuite hostname="DESKTOP-A7D4RAN" failures="0" tests="4" name="api.test.UserTests2" time="14.743" errors="0" timestamp="2025-07-19T18:14:39 IST" skipped="0">
  <testcase classname="api.test.UserTests2" name="testPostUser" time="1.210"/>
  <testcase classname="api.test.UserTests2" name="testGetUserByName" time="7.718"/>
  <testcase classname="api.test.UserTests2" name="testUpdateUserByName" time="3.448"/>
  <testcase classname="api.test.UserTests2" name="testDeleteUserByName" time="2.367"/>
</testsuite> <!-- api.test.UserTests2 -->
