<?xml version="1.0" encoding="UTF-8"?>
<!-- Generated by org.testng.reporters.JUnitReportReporter -->
<testsuite hostname="DESKTOP-A7D4RAN" failures="0" tests="4" name="api.test.UserTests2" time="17.522" errors="0" timestamp="2025-07-17T23:37:46 IST" skipped="0">
  <testcase classname="api.test.UserTests2" name="testPostUser" time="5.083"/>
  <testcase classname="api.test.UserTests2" name="testGetUserByName" time="1.243"/>
  <testcase classname="api.test.UserTests2" name="testUpdateUserByName" time="2.331"/>
  <testcase classname="api.test.UserTests2" name="testDeleteUserByName" time="8.865"/>
</testsuite> <!-- api.test.UserTests2 -->
