<?xml version="1.0" encoding="UTF-8"?>
<!-- Generated by org.testng.reporters.JUnitReportReporter -->
<testsuite hostname="DESKTOP-A7D4RAN" failures="0" tests="6" name="api.test.DDTests" time="12.349" errors="0" timestamp="2025-07-19T18:14:39 IST" skipped="0">
  <testcase classname="api.test.DDTests" name="testPostUser" time="2.193"/>
  <testcase classname="api.test.DDTests" name="testPostUser" time="2.215"/>
  <testcase classname="api.test.DDTests" name="testPostUser" time="2.226"/>
  <testcase classname="api.test.DDTests" name="testDeleteUserByname" time="1.172"/>
  <testcase classname="api.test.DDTests" name="testDeleteUserByname" time="3.389"/>
  <testcase classname="api.test.DDTests" name="testDeleteUserByname" time="1.154"/>
</testsuite> <!-- api.test.DDTests -->
