<?xml version="1.0" encoding="UTF-8"?>
<!-- Generated by org.testng.reporters.JUnitReportReporter -->
<testsuite hostname="DESKTOP-A7D4RAN" failures="0" tests="4" name="api.test.DDTestsStore" time="5.933" errors="0" timestamp="2025-07-19T18:14:39 IST" skipped="0">
  <testcase classname="api.test.DDTestsStore" name="testCreateOrder" time="1.189"/>
  <testcase classname="api.test.DDTestsStore" name="testCreateOrder" time="1.177"/>
  <testcase classname="api.test.DDTestsStore" name="testCreateOrder" time="1.206"/>
  <testcase classname="api.test.DDTestsStore" name="testDeleteOrderById" time="2.361"/>
</testsuite> <!-- api.test.DDTestsStore -->
