<?xml version="1.0" encoding="UTF-8"?>
<!-- Generated by org.testng.reporters.JUnitReportReporter -->
<testsuite hostname="DESKTOP-A7D4RAN" failures="0" tests="4" name="api.test.UserTests" time="13.862" errors="0" timestamp="2025-07-19T18:14:39 IST" skipped="0">
  <testcase classname="api.test.UserTests" name="testPostUser" time="5.337"/>
  <testcase classname="api.test.UserTests" name="testGetUserByName" time="1.254"/>
  <testcase classname="api.test.UserTests" name="testUpdateUserByName" time="4.881"/>
  <testcase classname="api.test.UserTests" name="testDeleteUserByName" time="2.390"/>
</testsuite> <!-- api.test.UserTests -->
