<?xml version="1.0" encoding="UTF-8"?>
<!-- Generated by org.testng.reporters.JUnitReportReporter -->
<testsuite hostname="DESKTOP-A7D4RAN" failures="0" tests="3" name="api.test.StoreTests2" time="7.036" errors="0" timestamp="2025-07-19T20:12:02 IST" skipped="0">
  <testcase classname="api.test.StoreTests2" name="testPostStore" time="1.245"/>
  <testcase classname="api.test.StoreTests2" name="testGetStoreById" time="1.204"/>
  <testcase classname="api.test.StoreTests2" name="testDeleteStoreById" time="4.587"/>
</testsuite> <!-- api.test.StoreTests2 -->
