<?xml version="1.0" encoding="UTF-8"?>
<!-- Generated by org.testng.reporters.JUnitReportReporter -->
<testsuite hostname="DESKTOP-A7D4RAN" failures="0" tests="6" name="api.test.DDTests" time="12.392" errors="0" timestamp="2025-07-19T19:42:26 IST" skipped="0">
  <testcase classname="api.test.DDTests" name="testPostUser" time="2.211"/>
  <testcase classname="api.test.DDTests" name="testPostUser" time="2.178"/>
  <testcase classname="api.test.DDTests" name="testPostUser" time="2.188"/>
  <testcase classname="api.test.DDTests" name="testDeleteUserByname" time="3.430"/>
  <testcase classname="api.test.DDTests" name="testDeleteUserByname" time="1.188"/>
  <testcase classname="api.test.DDTests" name="testDeleteUserByname" time="1.197"/>
</testsuite> <!-- api.test.DDTests -->
