<?xml version="1.0" encoding="UTF-8"?>
<!-- Generated by org.testng.reporters.JUnitReportReporter -->
<testsuite hostname="DESKTOP-A7D4RAN" failures="0" tests="4" name="api.test.DDTestsStore" time="8.283" errors="0" timestamp="2025-07-19T20:12:02 IST" skipped="0">
  <testcase classname="api.test.DDTestsStore" name="testCreateOrder" time="1.207"/>
  <testcase classname="api.test.DDTestsStore" name="testCreateOrder" time="1.227"/>
  <testcase classname="api.test.DDTestsStore" name="testCreateOrder" time="1.248"/>
  <testcase classname="api.test.DDTestsStore" name="testDeleteOrderById" time="4.601"/>
</testsuite> <!-- api.test.DDTestsStore -->
