<?xml version="1.0" encoding="UTF-8"?>
<!-- Generated by org.testng.reporters.JUnitReportReporter -->
<testsuite hostname="DESKTOP-A7D4RAN" failures="0" tests="4" name="api.test.PetTests2" time="6.052" errors="0" timestamp="2025-07-19T19:57:13 IST" skipped="0">
  <testcase classname="api.test.PetTests2" name="testDeletePetbyId" time="2.419"/>
  <testcase classname="api.test.PetTests2" name="testUpdatePet" time="1.204"/>
  <testcase classname="api.test.PetTests2" name="testPostPet" time="1.211"/>
  <testcase classname="api.test.PetTests2" name="testGetPetById" time="1.218"/>
</testsuite> <!-- api.test.PetTests2 -->
