<?xml version="1.0" encoding="UTF-8"?>
<!-- Generated by org.testng.reporters.JUnitReportReporter -->
<testsuite hostname="DESKTOP-A7D4RAN" failures="0" tests="4" name="api.test.UserTests2" time="16.025" errors="0" timestamp="2025-07-19T19:42:26 IST" skipped="0">
  <testcase classname="api.test.UserTests2" name="testPostUser" time="1.205"/>
  <testcase classname="api.test.UserTests2" name="testGetUserByName" time="7.741"/>
  <testcase classname="api.test.UserTests2" name="testUpdateUserByName" time="2.450"/>
  <testcase classname="api.test.UserTests2" name="testDeleteUserByName" time="4.629"/>
</testsuite> <!-- api.test.UserTests2 -->
