<?xml version="1.0" encoding="UTF-8"?>
<!-- Generated by org.testng.reporters.JUnitReportReporter -->
<testsuite hostname="DESKTOP-A7D4RAN" failures="0" tests="4" name="api.test.DDTestsPet" time="5.968" errors="0" timestamp="2025-07-19T18:14:39 IST" skipped="0">
  <testcase classname="api.test.DDTestsPet" name="testCreatePet" time="1.186"/>
  <testcase classname="api.test.DDTestsPet" name="testCreatePet" time="1.211"/>
  <testcase classname="api.test.DDTestsPet" name="testCreatePet" time="1.220"/>
  <testcase classname="api.test.DDTestsPet" name="testDeletePetById" time="2.351"/>
</testsuite> <!-- api.test.DDTestsPet -->
