<?xml version="1.0" encoding="UTF-8"?>
<!-- Generated by org.testng.reporters.JUnitReportReporter -->
<testsuite hostname="DESKTOP-A7D4RAN" failures="0" tests="4" name="api.test.UserTests2" time="22.242" errors="0" timestamp="2025-07-16T10:10:54 IST" skipped="0">
  <testcase classname="api.test.UserTests2" name="testPostUser" time="6.773"/>
  <testcase classname="api.test.UserTests2" name="testGetUserByName" time="10.837"/>
  <testcase classname="api.test.UserTests2" name="testUpdateUserByName" time="2.317"/>
  <testcase classname="api.test.UserTests2" name="testDeleteUserByName" time="2.315"/>
</testsuite> <!-- api.test.UserTests2 -->
