<?xml version="1.0" encoding="UTF-8"?>
<!-- Generated by org.testng.reporters.JUnitReportReporter -->
<testsuite hostname="DESKTOP-A7D4RAN" failures="0" tests="4" name="api.test.DDTestsPet" time="5.933" errors="0" timestamp="2025-07-19T19:57:13 IST" skipped="0">
  <testcase classname="api.test.DDTestsPet" name="testCreatePet" time="1.141"/>
  <testcase classname="api.test.DDTestsPet" name="testCreatePet" time="1.199"/>
  <testcase classname="api.test.DDTestsPet" name="testCreatePet" time="1.223"/>
  <testcase classname="api.test.DDTestsPet" name="testDeletePetById" time="2.370"/>
</testsuite> <!-- api.test.DDTestsPet -->
