<?xml version="1.0" encoding="UTF-8"?>
<!-- Generated by org.testng.reporters.JUnitReportReporter -->
<testsuite hostname="DESKTOP-A7D4RAN" failures="0" tests="3" name="api.test.StoreTests" time="8.385" errors="0" timestamp="2025-07-19T20:12:02 IST" skipped="0">
  <testcase classname="api.test.StoreTests" name="testPostStore" time="1.488"/>
  <testcase classname="api.test.StoreTests" name="testGetStoreById" time="4.444"/>
  <testcase classname="api.test.StoreTests" name="testDeleteStoreById" time="2.453"/>
</testsuite> <!-- api.test.StoreTests -->
