<?xml version="1.0" encoding="UTF-8"?>
<!-- Generated by org.testng.reporters.JUnitReportReporter -->
<testsuite hostname="DESKTOP-A7D4RAN" failures="0" tests="4" name="api.test.UserTests" time="13.731" errors="0" timestamp="2025-07-19T19:42:26 IST" skipped="0">
  <testcase classname="api.test.UserTests" name="testPostUser" time="5.103"/>
  <testcase classname="api.test.UserTests" name="testGetUserByName" time="1.382"/>
  <testcase classname="api.test.UserTests" name="testUpdateUserByName" time="4.831"/>
  <testcase classname="api.test.UserTests" name="testDeleteUserByName" time="2.415"/>
</testsuite> <!-- api.test.UserTests -->
